# JRE version: Java(TM) SE Runtime Environment (8.0_92-b14) (build 1.8.0_92-b14)
# Java VM: Java HotSpot(TM) 64-Bit Server VM (25.92-b14 mixed mode bsd-amd64 compressed oops)
Heap:
 PSYoungGen      total 48640K, used 7673K [0x00000007aab00000, 0x00000007b6280000, 0x00000007c0000000)
  eden space 48128K, 15% used [0x00000007aab00000,0x00000007ab27e640,0x00000007ada00000)
  from space 512K, 0% used [0x00000007b6180000,0x00000007b6180000,0x00000007b6200000)
  to   space 512K, 0% used [0x00000007b6200000,0x00000007b6200000,0x00000007b6280000)
 ParOldGen       total 19456K, used 2106K [0x0000000780000000, 0x0000000781300000, 0x00000007aab00000)
  object space 19456K, 10% used [0x0000000780000000,0x000000078020e9a8,0x0000000781300000)
 Metaspace       used 10404K, capacity 10588K, committed 10880K, reserved 1058816K
  class space    used 1226K, capacity 1287K, committed 1408K, reserved 1048576K
GC Heap History (10 events):
Event: 235.068 GC heap before
{Heap before GC invocations=3454 (full 0):
 PSYoungGen      total 44032K, used 43616K [0x00000007aab00000, 0x00000007b6280000, 0x00000007c0000000)
  eden space 43520K, 100% used [0x00000007aab00000,0x00000007ad580000,0x00000007ad580000)
  from space 512K, 18% used [0x00000007b6180000,0x00000007b6198000,0x00000007b6200000)
  to   space 512K, 0% used [0x00000007b6200000,0x00000007b6200000,0x00000007b6280000)
 ParOldGen       total 44032K, used 43963K [0x0000000780000000, 0x0000000782b00000, 0x00000007aab00000)
  object space 44032K, 99% used [0x0000000780000000,0x0000000782aeeea0,0x0000000782b00000)
 Metaspace       used 10403K, capacity 10588K, committed 10880K, reserved 1058816K
  class space    used 1226K, capacity 1287K, committed 1408K, reserved 1048576K
Event: 235.069 GC heap after
Heap after GC invocations=3454 (full 0):
 PSYoungGen      total 42496K, used 96K [0x00000007aab00000, 0x00000007b6280000, 0x00000007c0000000)
  eden space 41984K, 0% used [0x00000007aab00000,0x00000007aab00000,0x00000007ad400000)
  from space 512K, 18% used [0x00000007b6200000,0x00000007b6218000,0x00000007b6280000)
  to   space 512K, 0% used [0x00000007b6180000,0x00000007b6180000,0x00000007b6200000)
 ParOldGen       total 44032K, used 43979K [0x0000000780000000, 0x0000000782b00000, 0x00000007aab00000)
  object space 44032K, 99% used [0x0000000780000000,0x0000000782af2ea0,0x0000000782b00000)
 Metaspace       used 10403K, capacity 10588K, committed 10880K, reserved 1058816K
  class space    used 1226K, capacity 1287K, committed 1408K, reserved 1048576K
}
Event: 235.133 GC heap before
{Heap before GC invocations=3455 (full 0):
 PSYoungGen      total 42496K, used 42080K [0x00000007aab00000, 0x00000007b6280000, 0x00000007c0000000)
  eden space 41984K, 100% used [0x00000007aab00000,0x00000007ad400000,0x00000007ad400000)
  from space 512K, 18% used [0x00000007b6200000,0x00000007b6218000,0x00000007b6280000)
  to   space 512K, 0% used [0x00000007b6180000,0x00000007b6180000,0x00000007b6200000)
 ParOldGen       total 44032K, used 43979K [0x0000000780000000, 0x0000000782b00000, 0x00000007aab00000)
  object space 44032K, 99% used [0x0000000780000000,0x0000000782af2ea0,0x0000000782b00000)
 Metaspace       used 10403K, capacity 10588K, committed 10880K, reserved 1058816K
  class space    used 1226K, capacity 1287K, committed 1408K, reserved 1048576K
Event: 235.134 GC heap after
Heap after GC invocations=3455 (full 0):
 PSYoungGen      total 41472K, used 64K [0x00000007aab00000, 0x00000007b6280000, 0x00000007c0000000)
  eden space 40960K, 0% used [0x00000007aab00000,0x00000007aab00000,0x00000007ad300000)
  from space 512K, 12% used [0x00000007b6180000,0x00000007b6190000,0x00000007b6200000)
  to   space 512K, 0% used [0x00000007b6200000,0x00000007b6200000,0x00000007b6280000)
 ParOldGen       total 44032K, used 43979K [0x0000000780000000, 0x0000000782b00000, 0x00000007aab00000)
  object space 44032K, 99% used [0x0000000780000000,0x0000000782af2ea0,0x0000000782b00000)
 Metaspace       used 10403K, capacity 10588K, committed 10880K, reserved 1058816K
  class space    used 1226K, capacity 1287K, committed 1408K, reserved 1048576K
}
Event: 235.195 GC heap before
{Heap before GC invocations=3456 (full 0):
 PSYoungGen      total 41472K, used 41024K [0x00000007aab00000, 0x00000007b6280000, 0x00000007c0000000)
  eden space 40960K, 100% used [0x00000007aab00000,0x00000007ad300000,0x00000007ad300000)
  from space 512K, 12% used [0x00000007b6180000,0x00000007b6190000,0x00000007b6200000)
  to   space 512K, 0% used [0x00000007b6200000,0x00000007b6200000,0x00000007b6280000)
 ParOldGen       total 44032K, used 43979K [0x0000000780000000, 0x0000000782b00000, 0x00000007aab00000)
  object space 44032K, 99% used [0x0000000780000000,0x0000000782af2ea0,0x0000000782b00000)
 Metaspace       used 10403K, capacity 10588K, committed 10880K, reserved 1058816K
  class space    used 1226K, capacity 1287K, committed 1408K, reserved 1048576K
Event: 235.196 GC heap after
Heap after GC invocations=3456 (full 0):
 PSYoungGen      total 40448K, used 96K [0x00000007aab00000, 0x00000007b6280000, 0x00000007c0000000)
  eden space 39936K, 0% used [0x00000007aab00000,0x00000007aab00000,0x00000007ad200000)
  from space 512K, 18% used [0x00000007b6200000,0x00000007b6218000,0x00000007b6280000)
  to   space 512K, 0% used [0x00000007b6180000,0x00000007b6180000,0x00000007b6200000)
 ParOldGen       total 44032K, used 43979K [0x0000000780000000, 0x0000000782b00000, 0x00000007aab00000)
  object space 44032K, 99% used [0x0000000780000000,0x0000000782af2ea0,0x0000000782b00000)
 Metaspace       used 10403K, capacity 10588K, committed 10880K, reserved 1058816K
  class space    used 1226K, capacity 1287K, committed 1408K, reserved 1048576K
}
Event: 235.255 GC heap before
{Heap before GC invocations=3457 (full 0):
 PSYoungGen      total 40448K, used 40032K [0x00000007aab00000, 0x00000007b6280000, 0x00000007c0000000)
  eden space 39936K, 100% used [0x00000007aab00000,0x00000007ad200000,0x00000007ad200000)
  from space 512K, 18% used [0x00000007b6200000,0x00000007b6218000,0x00000007b6280000)
  to   space 512K, 0% used [0x00000007b6180000,0x00000007b6180000,0x00000007b6200000)
 ParOldGen       total 44032K, used 43979K [0x0000000780000000, 0x0000000782b00000, 0x00000007aab00000)
  object space 44032K, 99% used [0x0000000780000000,0x0000000782af2ea0,0x0000000782b00000)
 Metaspace       used 10403K, capacity 10588K, committed 10880K, reserved 1058816K
  class space    used 1226K, capacity 1287K, committed 1408K, reserved 1048576K
Event: 235.256 GC heap after
Heap after GC invocations=3457 (full 0):
 PSYoungGen      total 48640K, used 64K [0x00000007aab00000, 0x00000007b6280000, 0x00000007c0000000)
  eden space 48128K, 0% used [0x00000007aab00000,0x00000007aab00000,0x00000007ada00000)
  from space 512K, 12% used [0x00000007b6180000,0x00000007b6190000,0x00000007b6200000)
  to   space 512K, 0% used [0x00000007b6200000,0x00000007b6200000,0x00000007b6280000)
 ParOldGen       total 44032K, used 44011K [0x0000000780000000, 0x0000000782b00000, 0x00000007aab00000)
  object space 44032K, 99% used [0x0000000780000000,0x0000000782afaea0,0x0000000782b00000)
 Metaspace       used 10403K, capacity 10588K, committed 10880K, reserved 1058816K
  class space    used 1226K, capacity 1287K, committed 1408K, reserved 1048576K
}
Event: 235.256 GC heap before
{Heap before GC invocations=3458 (full 1):
 PSYoungGen      total 48640K, used 64K [0x00000007aab00000, 0x00000007b6280000, 0x00000007c0000000)
  eden space 48128K, 0% used [0x00000007aab00000,0x00000007aab00000,0x00000007ada00000)
  from space 512K, 12% used [0x00000007b6180000,0x00000007b6190000,0x00000007b6200000)
  to   space 512K, 0% used [0x00000007b6200000,0x00000007b6200000,0x00000007b6280000)
 ParOldGen       total 44032K, used 44011K [0x0000000780000000, 0x0000000782b00000, 0x00000007aab00000)
  object space 44032K, 99% used [0x0000000780000000,0x0000000782afaea0,0x0000000782b00000)
 Metaspace       used 10403K, capacity 10588K, committed 10880K, reserved 1058816K
  class space    used 1226K, capacity 1287K, committed 1408K, reserved 1048576K
Event: 235.276 GC heap after
Heap after GC invocations=3458 (full 1):
 PSYoungGen      total 48640K, used 0K [0x00000007aab00000, 0x00000007b6280000, 0x00000007c0000000)
  eden space 48128K, 0% used [0x00000007aab00000,0x00000007aab00000,0x00000007ada00000)
  from space 512K, 0% used [0x00000007b6180000,0x00000007b6180000,0x00000007b6200000)
  to   space 512K, 0% used [0x00000007b6200000,0x00000007b6200000,0x00000007b6280000)
 ParOldGen       total 19456K, used 2106K [0x0000000780000000, 0x0000000781300000, 0x00000007aab00000)
  object space 19456K, 10% used [0x0000000780000000,0x000000078020e9a8,0x0000000781300000)
 Metaspace       used 10403K, capacity 10588K, committed 10880K, reserved 1058816K
  class space    used 1226K, capacity 1287K, committed 1408K, reserved 1048576K
}

